p61five44cvgxlgkdseven - 6 - seven = 67
zhqkrndh5 - 5 -  = 5
ninebndfdjbxx9sixltsjbsbgone45kpcln - nine - 5 = 95
7zqhjkjkmm7448 - 7 - 8 = 78
49onefour7fivezchhjrpbmteightwokrs - 4 - two = 42
9nnnh - 9 -  = 9
8tqmjgpfzrnineeightpcfltmzn8 - 8 - 8 = 88
eightvjdzfmqlvceightnine6rlpzkdmk - eight - 6 = 86
nine8twolrpzp - nine - two = 92
onefxtprsml8fqptvmfthreesix2jbeightwor - one - two = 12
cdzgbtxbzl43vvnx - 4 - 3 = 43
eight5fbcxqlqkplm - eight - 5 = 85
pjjlddnvtwo884 - two - 4 = 24
gbddhhhhkgjltwothree57 - two - 7 = 27
8czmcdhjzpsbpjgngdvtxczgsl6th36 - 8 - 6 = 86
eight6349jr - eight - 9 = 89
vt81pzcchsvz - 8 - 1 = 81
three9oneeightmqbtwo - three - two = 32
42m1ndvqkz16seven - 4 - seven = 47
eightczxhbntwo9sl83 - eight - 3 = 83
seven4six51zlrvqmbgpzplxtk6ptcr - seven - 6 = 76
qtkhfdsixnine3bvpcpmjbzjonefivethree3 - six - 3 = 63
skhcdbnrninethree5 - nine - 5 = 95
3rxgts - 3 -  = 3
37qdmsqzsq72clfntfxqfrhbxtmfourzcjxfmmfz - 3 - four = 34
86one34vvvgdngbt39 - 8 - 9 = 89
1seven336 - 1 - 6 = 16
8sevengzfvjrhnsb6ddb8ninerkgkxthtfkvbcmqs - 8 - nine = 89
4sqvv1cnpn - 4 - 1 = 41
4gjnmxtrbflgp71 - 4 - 1 = 41
zphgdcznqsm2 - 2 -  = 2
fouronevzkbnzm6seven47 - four - 7 = 47
rkzlnmzgnk91zckqprrptnthreefourtwo - 9 - two = 92
four2tszbgmxpbvninebxns6nineqbqzgjpmpqr - four - nine = 49
kjrqmzv9mmtxhgvsevenhvq7 - 9 - 7 = 97
51936

